{"contracts/TARReceipt.sol":{"l":{"46":36,"61":22,"62":1,"64":21,"65":1,"68":20,"69":20,"71":20,"72":20,"73":20,"75":20,"84":9,"87":1,"89":8,"90":2,"93":6,"94":6,"104":4,"107":1,"109":3,"110":1,"112":2,"121":4,"124":0,"126":4,"135":2,"143":4,"151":1,"161":1,"176":1,"184":3,"193":2,"194":2,"207":3,"214":22,"215":1,"217":21},"path":"/Users/weiyeh/Desktop/區塊鏈/hackathon/1.Smart Contract Service/contracts/TARReceipt.sol","s":{"1":36,"2":22,"3":21,"4":20,"5":20,"6":20,"7":9,"8":8,"9":6,"10":4,"11":1,"12":3,"13":1,"14":2,"15":4,"16":4,"17":2,"18":4,"19":1,"20":1,"21":1,"22":3,"23":2,"24":2,"25":3,"26":22,"27":21},"b":{"1":[23,1],"2":[22,1],"3":[1,21],"4":[1,20],"5":[10,1],"6":[9,1],"7":[2,6],"8":[1,2],"9":[4,1],"10":[1,0],"11":[1,0],"12":[1,0],"13":[1,21]},"f":{"1":36,"2":22,"3":9,"4":4,"5":4,"6":2,"7":4,"8":1,"9":1,"10":1,"11":3,"12":2,"13":3,"14":22},"fnMap":{"1":{"name":"constructor","line":45,"loc":{"start":{"line":41,"column":4},"end":{"line":47,"column":4}}},"2":{"name":"mint","line":60,"loc":{"start":{"line":56,"column":4},"end":{"line":76,"column":4}}},"3":{"name":"revoke","line":83,"loc":{"start":{"line":83,"column":4},"end":{"line":95,"column":4}}},"4":{"name":"verify","line":103,"loc":{"start":{"line":103,"column":4},"end":{"line":113,"column":4}}},"5":{"name":"getMetaHash","line":120,"loc":{"start":{"line":120,"column":4},"end":{"line":127,"column":4}}},"6":{"name":"isRevoked","line":134,"loc":{"start":{"line":134,"column":4},"end":{"line":136,"column":4}}},"7":{"name":"pause","line":142,"loc":{"start":{"line":142,"column":4},"end":{"line":144,"column":4}}},"8":{"name":"unpause","line":150,"loc":{"start":{"line":150,"column":4},"end":{"line":152,"column":4}}},"9":{"name":"setDefaultRoyalty","line":160,"loc":{"start":{"line":160,"column":4},"end":{"line":162,"column":4}}},"10":{"name":"setTokenRoyalty","line":175,"loc":{"start":{"line":171,"column":4},"end":{"line":177,"column":4}}},"11":{"name":"getCurrentTokenId","line":183,"loc":{"start":{"line":183,"column":4},"end":{"line":185,"column":4}}},"12":{"name":"tokenURI","line":192,"loc":{"start":{"line":192,"column":4},"end":{"line":195,"column":4}}},"13":{"name":"supportsInterface","line":200,"loc":{"start":{"line":200,"column":4},"end":{"line":208,"column":4}}},"14":{"name":"_update","line":213,"loc":{"start":{"line":213,"column":4},"end":{"line":218,"column":4}}}},"statementMap":{"1":{"start":{"line":46,"column":8},"end":{"line":46,"column":51}},"2":{"start":{"line":61,"column":8},"end":{"line":61,"column":2221}},"3":{"start":{"line":64,"column":8},"end":{"line":64,"column":2304}},"4":{"start":{"line":68,"column":8},"end":{"line":68,"column":41}},"5":{"start":{"line":71,"column":8},"end":{"line":71,"column":29}},"6":{"start":{"line":75,"column":8},"end":{"line":75,"column":42}},"7":{"start":{"line":84,"column":8},"end":{"line":84,"column":2903}},"8":{"start":{"line":89,"column":8},"end":{"line":89,"column":3065}},"9":{"start":{"line":94,"column":8},"end":{"line":94,"column":29}},"10":{"start":{"line":104,"column":8},"end":{"line":104,"column":3619}},"11":{"start":{"line":107,"column":12},"end":{"line":107,"column":24}},"12":{"start":{"line":109,"column":8},"end":{"line":109,"column":3755}},"13":{"start":{"line":110,"column":12},"end":{"line":110,"column":24}},"14":{"start":{"line":112,"column":8},"end":{"line":112,"column":47}},"15":{"start":{"line":121,"column":8},"end":{"line":121,"column":4130}},"16":{"start":{"line":126,"column":8},"end":{"line":126,"column":35}},"17":{"start":{"line":135,"column":8},"end":{"line":135,"column":38}},"18":{"start":{"line":143,"column":8},"end":{"line":143,"column":15}},"19":{"start":{"line":151,"column":8},"end":{"line":151,"column":17}},"20":{"start":{"line":161,"column":8},"end":{"line":161,"column":49}},"21":{"start":{"line":176,"column":8},"end":{"line":176,"column":56}},"22":{"start":{"line":184,"column":8},"end":{"line":184,"column":30}},"23":{"start":{"line":193,"column":8},"end":{"line":193,"column":29}},"24":{"start":{"line":194,"column":8},"end":{"line":194,"column":34}},"25":{"start":{"line":207,"column":8},"end":{"line":207,"column":51}},"26":{"start":{"line":214,"column":8},"end":{"line":214,"column":7120}},"27":{"start":{"line":217,"column":8},"end":{"line":217,"column":47}}},"branchMap":{"1":{"line":60,"type":"if","locations":[{"start":{"line":60,"column":15},"end":{"line":60,"column":15}},{"start":{"line":60,"column":15},"end":{"line":60,"column":15}}]},"2":{"line":60,"type":"if","locations":[{"start":{"line":60,"column":37},"end":{"line":60,"column":37}},{"start":{"line":60,"column":37},"end":{"line":60,"column":37}}]},"3":{"line":61,"type":"if","locations":[{"start":{"line":61,"column":8},"end":{"line":61,"column":8}},{"start":{"line":61,"column":8},"end":{"line":61,"column":8}}]},"4":{"line":64,"type":"if","locations":[{"start":{"line":64,"column":8},"end":{"line":64,"column":8}},{"start":{"line":64,"column":8},"end":{"line":64,"column":8}}]},"5":{"line":83,"type":"if","locations":[{"start":{"line":83,"column":46},"end":{"line":83,"column":46}},{"start":{"line":83,"column":46},"end":{"line":83,"column":46}}]},"6":{"line":83,"type":"if","locations":[{"start":{"line":83,"column":68},"end":{"line":83,"column":68}},{"start":{"line":83,"column":68},"end":{"line":83,"column":68}}]},"7":{"line":89,"type":"if","locations":[{"start":{"line":89,"column":8},"end":{"line":89,"column":8}},{"start":{"line":89,"column":8},"end":{"line":89,"column":8}}]},"8":{"line":109,"type":"if","locations":[{"start":{"line":109,"column":8},"end":{"line":109,"column":8}},{"start":{"line":109,"column":8},"end":{"line":109,"column":8}}]},"9":{"line":142,"type":"if","locations":[{"start":{"line":142,"column":30},"end":{"line":142,"column":30}},{"start":{"line":142,"column":30},"end":{"line":142,"column":30}}]},"10":{"line":150,"type":"if","locations":[{"start":{"line":150,"column":32},"end":{"line":150,"column":32}},{"start":{"line":150,"column":32},"end":{"line":150,"column":32}}]},"11":{"line":160,"type":"if","locations":[{"start":{"line":160,"column":79},"end":{"line":160,"column":79}},{"start":{"line":160,"column":79},"end":{"line":160,"column":79}}]},"12":{"line":175,"type":"if","locations":[{"start":{"line":175,"column":15},"end":{"line":175,"column":15}},{"start":{"line":175,"column":15},"end":{"line":175,"column":15}}]},"13":{"line":214,"type":"if","locations":[{"start":{"line":214,"column":8},"end":{"line":214,"column":8}},{"start":{"line":214,"column":8},"end":{"line":214,"column":8}}]}}}}